Unity Editor version:    2020.3.19f1 (68f137dc9bbe)
Branch:                  2020.3/staging
Build type:              Release
Batch mode:              YES
macOS version:           Version 11.4 (Build 20F71)
Darwin version:          20.5.0
Architecture:            x86_64
Running under Rosetta:   NO
Available memory:        16384 MB
Using pre-set license
Pro License: NO

COMMAND LINE ARGUMENTS:
/Applications/Unity/Hub/Editor/2020.3.19f1/Unity.app/Contents/MacOS/Unity
-adb2
-batchMode
-noUpm
-name
AssetImportWorker0
-projectPath
/Users/kudatomomi/PlatformerRails/SampleProject
-logFile
Logs/AssetImportWorker0.log
-srvPort
49168
Successfully changed project path to: /Users/kudatomomi/PlatformerRails/SampleProject
/Users/kudatomomi/PlatformerRails/SampleProject
Using Asset Import Pipeline V2.
Refreshing native plugins compatible for Editor in 83.85 ms, found 2 plugins.
Preloading 0 native plugins for Editor in 0.00 ms.
Initialize engine version: 2020.3.19f1 (68f137dc9bbe)
[Subsystems] Discovering subsystems at path /Applications/Unity/Hub/Editor/2020.3.19f1/Unity.app/Contents/Resources/UnitySubsystems
[Subsystems] Discovering subsystems at path /Users/kudatomomi/PlatformerRails/SampleProject/Assets
GfxDevice: creating device client; threaded=0
2021-10-28 13:01:35.235 Unity[36326:784387] Color LCD preferred device: Intel(R) Iris(TM) Plus Graphics (low power)
2021-10-28 13:01:35.235 Unity[36326:784387] Metal devices available: 1
2021-10-28 13:01:35.235 Unity[36326:784387] 0: Intel(R) Iris(TM) Plus Graphics (low power)
2021-10-28 13:01:35.236 Unity[36326:784387] Using device Intel(R) Iris(TM) Plus Graphics (low power)
Initializing Metal device caps: Intel(R) Iris(TM) Plus Graphics
Initialize mono
Mono path[0] = '/Applications/Unity/Hub/Editor/2020.3.19f1/Unity.app/Contents/Managed'
Mono path[1] = '/Applications/Unity/Hub/Editor/2020.3.19f1/Unity.app/Contents/MonoBleedingEdge/lib/mono/unityjit'
Mono config path = '/Applications/Unity/Hub/Editor/2020.3.19f1/Unity.app/Contents/MonoBleedingEdge/etc'
Using monoOptions --debugger-agent=transport=dt_socket,embedding=1,server=y,suspend=n,address=127.0.0.1:56326
Begin MonoManager ReloadAssembly
Registering precompiled unity dll's ...
Register platform support module: /Applications/Unity/Hub/Editor/2020.3.19f1/Unity.app/Contents/PlaybackEngines/MacStandaloneSupport/UnityEditor.OSXStandalone.Extensions.dll
Registered in 0.004562 seconds.
Native extension for OSXStandalone target not found
Refreshing native plugins compatible for Editor in 47.48 ms, found 2 plugins.
Preloading 0 native plugins for Editor in 0.00 ms.
Mono: successfully reloaded assembly
- Completed reload, in  1.925 seconds
Domain Reload Profiling:
	ReloadAssembly (1925ms)
		BeginReloadAssembly (75ms)
			ExecutionOrderSort (0ms)
			DisableScriptedObjects (0ms)
			BackupInstance (0ms)
			ReleaseScriptingObjects (0ms)
			CreateAndSetChildDomain (1ms)
		EndReloadAssembly (563ms)
			LoadAssemblies (77ms)
			RebuildTransferFunctionScriptingTraits (0ms)
			SetupTypeCache (210ms)
			ReleaseScriptCaches (0ms)
			RebuildScriptCaches (47ms)
			SetupLoadedEditorAssemblies (236ms)
				LogAssemblyErrors (0ms)
				InitializePlatformSupportModulesInManaged (4ms)
				SetLoadedEditorAssemblies (0ms)
				RefreshPlugins (48ms)
				BeforeProcessingInitializeOnLoad (34ms)
				ProcessInitializeOnLoadAttributes (113ms)
				ProcessInitializeOnLoadMethodAttributes (37ms)
				AfterProcessingInitializeOnLoad (0ms)
				EditorAssembliesLoaded (0ms)
			ExecutionOrderSort2 (0ms)
			AwakeInstancesAfterBackupRestoration (0ms)
Platform modules already initialized, skipping
Registering precompiled user dll's ...
Registered in 0.014302 seconds.
Begin MonoManager ReloadAssembly
Native extension for OSXStandalone target not found
Refreshing native plugins compatible for Editor in 0.61 ms, found 2 plugins.
Preloading 0 native plugins for Editor in 0.00 ms.
Mono: successfully reloaded assembly
- Completed reload, in  1.417 seconds
Domain Reload Profiling:
	ReloadAssembly (1419ms)
		BeginReloadAssembly (204ms)
			ExecutionOrderSort (0ms)
			DisableScriptedObjects (6ms)
			BackupInstance (0ms)
			ReleaseScriptingObjects (0ms)
			CreateAndSetChildDomain (43ms)
		EndReloadAssembly (1142ms)
			LoadAssemblies (152ms)
			RebuildTransferFunctionScriptingTraits (0ms)
			SetupTypeCache (380ms)
			ReleaseScriptCaches (1ms)
			RebuildScriptCaches (63ms)
			SetupLoadedEditorAssemblies (429ms)
				LogAssemblyErrors (0ms)
				InitializePlatformSupportModulesInManaged (5ms)
				SetLoadedEditorAssemblies (0ms)
				RefreshPlugins (1ms)
				BeforeProcessingInitializeOnLoad (91ms)
				ProcessInitializeOnLoadAttributes (288ms)
				ProcessInitializeOnLoadMethodAttributes (43ms)
				AfterProcessingInitializeOnLoad (1ms)
				EditorAssembliesLoaded (0ms)
			ExecutionOrderSort2 (0ms)
			AwakeInstancesAfterBackupRestoration (8ms)
Platform modules already initialized, skipping
Validating Project structure ... 0.001656 seconds.
Shader import version has changed; will reimport all shaders...
Upgrading shader files ...0.002819 seconds.
Application.AssetDatabase Initial Script Refresh Start
RefreshInfo: InitialScriptRefreshV2(NoUpdateAssetOptions) scanfilter:  ... 1 filters
RefreshProfiler: Total: 0.000ms
Application.AssetDatabase Initial Script Refresh End
Application.AssetDatabase.Refresh Start
Application.AssetDatabase.Refresh End
RefreshInfo: StopAssetImportingV2(ForceSynchronousImport) scanfilter: 
RefreshProfiler: Total: 0.000ms
Launching external process: /Applications/Unity/Hub/Editor/2020.3.19f1/Unity.app/Contents/Tools/UnityShaderCompiler
Launched and connected shader compiler UnityShaderCompiler after 0.02 seconds
Initializing Unity extensions:
========================================================================
Worker process is ready to serve import requests
Refreshing native plugins compatible for Editor in 0.56 ms, found 2 plugins.
Preloading 0 native plugins for Editor in 0.00 ms.
Unloading 1989 Unused Serialized files (Serialized files now loaded: 0)
System memory in use before: 178.6 MB.
System memory in use after: 177.8 MB.

Unloading 146 unused Assets to reduce memory usage. Loaded Objects now: 2434.
Total: 7.221837 ms (FindLiveObjects: 0.400734 ms CreateObjectMapping: 0.106498 ms MarkObjects: 6.098276 ms  DeleteObjects: 0.614704 ms)

AssetImportParameters requested are different than current active one (requested -> active):
  custom:video-decoder-ogg-theora: a1e56fd34408186e4bbccfd4996cb3dc -> 
  custom:container-muxer-webm: aa71ff27fc2769a1b78a27578f13a17b -> 
  custom:container-demuxer-webm: 4f35f7cbe854078d1ac9338744f61a02 -> 
  custom:container-demuxer-ogg: 62fdf1f143b41e24485cea50d1cbac27 -> 
  custom:video-encoder-webm-vp8: eb34c28f22e8b96e1ab97ce403110664 -> 
  custom:framework-osx-AVFoundation: e770b220cccbd017edd2c1fefb359320 -> 
  custom:video-decoder-webm-vp8: 9c59270c3fd7afecdb556c50c9e8de78 -> 
  custom:audio-decoder-ogg-vorbis: bf7c407c2cedff20999df2af8eb42d56 -> 
  custom:audio-encoder-webm-vorbis: bf7c407c2cedff20999df2af8eb42d56 -> 
========================================================================
Received Import Request.
  path: Packages/com.friendsea.platformerrails/package.json
  artifactKey: Guid(7e8e382a340cf4305bd49e14d4f1f224) Importer(815301076,1909f56bfc062723c751e8b465ee728b)
Start importing Packages/com.friendsea.platformerrails/package.json using Guid(7e8e382a340cf4305bd49e14d4f1f224) Importer(815301076,1909f56bfc062723c751e8b465ee728b)  -> (artifact id: '4925c8c5d770090dd20490ff2701c8d8') in 1.377607 seconds 
  Import took 1.383549 seconds .

========================================================================
Received Import Request.
  Time since last request: 2328.991921 seconds.
  path: Assets/PlatformerRails/Scripts/RailMesh.cs
  artifactKey: Guid(ad855c361421a4933b21339ab69946fc) Importer(815301076,1909f56bfc062723c751e8b465ee728b)
Start importing Assets/PlatformerRails/Scripts/RailMesh.cs using Guid(ad855c361421a4933b21339ab69946fc) Importer(815301076,1909f56bfc062723c751e8b465ee728b)  -> (artifact id: '6e552cda07a7a8d327b10b66315df77a') in 0.553968 seconds 
  Import took 0.561405 seconds .

========================================================================
Received Import Request.
  Time since last request: 0.312447 seconds.
  path: Assets/PlatformerRails/Scripts/MoverOnRails.cs
  artifactKey: Guid(12361875782944dcc90a331f839a02dc) Importer(815301076,1909f56bfc062723c751e8b465ee728b)
Start importing Assets/PlatformerRails/Scripts/MoverOnRails.cs using Guid(12361875782944dcc90a331f839a02dc) Importer(815301076,1909f56bfc062723c751e8b465ee728b)  -> (artifact id: 'dc88f9d3adf4ffd9df83d2673770211d') in 0.007342 seconds 
  Import took 0.014021 seconds .

========================================================================
Received Import Request.
  Time since last request: 2.109728 seconds.
  path: Assets/PlatformerRails/Scripts/Rails/ChainRail.cs
  artifactKey: Guid(7750a38459f11444b8fc93b9640e5254) Importer(815301076,1909f56bfc062723c751e8b465ee728b)
Start importing Assets/PlatformerRails/Scripts/Rails/ChainRail.cs using Guid(7750a38459f11444b8fc93b9640e5254) Importer(815301076,1909f56bfc062723c751e8b465ee728b)  -> (artifact id: '5380ba7610b93942756439ea2394497d') in 0.007068 seconds 
  Import took 0.012871 seconds .

========================================================================
Received Import Request.
  Time since last request: 3.734398 seconds.
  path: Assets/PlatformerRails/Scripts/Rails/RailManager.cs
  artifactKey: Guid(e4ddd4acdc3db4c788972b400d9602e5) Importer(815301076,1909f56bfc062723c751e8b465ee728b)
Start importing Assets/PlatformerRails/Scripts/Rails/RailManager.cs using Guid(e4ddd4acdc3db4c788972b400d9602e5) Importer(815301076,1909f56bfc062723c751e8b465ee728b)  -> (artifact id: '987a4640949d94b7fe20a72ae029cd4a') in 0.008341 seconds 
  Import took 0.013129 seconds .

========================================================================
Received Import Request.
  Time since last request: 46.146883 seconds.
  path: Assets/PlatformerRails/Scripts/Rails/LineRail.cs
  artifactKey: Guid(76682e741ec014e6da7dbfd11b341773) Importer(815301076,1909f56bfc062723c751e8b465ee728b)
Start importing Assets/PlatformerRails/Scripts/Rails/LineRail.cs using Guid(76682e741ec014e6da7dbfd11b341773) Importer(815301076,1909f56bfc062723c751e8b465ee728b)  -> (artifact id: '65f38a25ba9727030664033c23a82eb4') in 0.006872 seconds 
  Import took 0.012332 seconds .

========================================================================
Received Import Request.
  Time since last request: 1.423896 seconds.
  path: Assets/PlatformerRails/Scripts/Rails/RailBehaviour.cs
  artifactKey: Guid(148e518eaee0d4d8483a47abedcf671b) Importer(815301076,1909f56bfc062723c751e8b465ee728b)
Start importing Assets/PlatformerRails/Scripts/Rails/RailBehaviour.cs using Guid(148e518eaee0d4d8483a47abedcf671b) Importer(815301076,1909f56bfc062723c751e8b465ee728b)  -> (artifact id: '1d37872119fb1a083868048f5f2e9f38') in 0.006452 seconds 
  Import took 0.011269 seconds .

========================================================================
Received Import Request.
  Time since last request: 90.554852 seconds.
  path: Assets/PlatformerRails/Scripts/Runtime
  artifactKey: Guid(e90cc65fbfb0f4f2d9def72fc5f31c3f) Importer(815301076,1909f56bfc062723c751e8b465ee728b)
Start importing Assets/PlatformerRails/Scripts/Runtime using Guid(e90cc65fbfb0f4f2d9def72fc5f31c3f) Importer(815301076,1909f56bfc062723c751e8b465ee728b)  -> (artifact id: 'c08861d65b641fee5b10f9f6917214e0') in 0.004406 seconds 
  Import took 0.010829 seconds .

========================================================================
Received Import Request.
  Time since last request: 4.701413 seconds.
  path: Assets/PlatformerRails/Scripts/Runtime/Editor
  artifactKey: Guid(86102b80888984228a4ff685a2eddd40) Importer(815301076,1909f56bfc062723c751e8b465ee728b)
Start importing Assets/PlatformerRails/Scripts/Runtime/Editor using Guid(86102b80888984228a4ff685a2eddd40) Importer(815301076,1909f56bfc062723c751e8b465ee728b)  -> (artifact id: '428a9e20390b81446a0dc4b322493ec7') in 0.004361 seconds 
  Import took 0.009085 seconds .

========================================================================
Received Import Request.
  Time since last request: 7.272484 seconds.
  path: Assets/PlatformerRails/Scripts/Rails/InvolutePath/Editor/InvolutePathEditor.cs
  artifactKey: Guid(73a18df8b34db4e5fb705b77cae05ba1) Importer(815301076,1909f56bfc062723c751e8b465ee728b)
Start importing Assets/PlatformerRails/Scripts/Rails/InvolutePath/Editor/InvolutePathEditor.cs using Guid(73a18df8b34db4e5fb705b77cae05ba1) Importer(815301076,1909f56bfc062723c751e8b465ee728b)  -> (artifact id: '1827c6d03eaefe82b90ea11fa26bbc93') in 0.008781 seconds 
  Import took 0.013915 seconds .

========================================================================
Received Import Request.
  Time since last request: 0.564683 seconds.
  path: Assets/PlatformerRails/Scripts/Rails/InvolutePath/Editor/PathEditor.cs
  artifactKey: Guid(bc7c76894f3d34eec9f7581b1d331646) Importer(815301076,1909f56bfc062723c751e8b465ee728b)
Start importing Assets/PlatformerRails/Scripts/Rails/InvolutePath/Editor/PathEditor.cs using Guid(bc7c76894f3d34eec9f7581b1d331646) Importer(815301076,1909f56bfc062723c751e8b465ee728b)  -> (artifact id: '93b8c96f04a3f3bc105c56e18d46a1fe') in 0.006495 seconds 
  Import took 0.012380 seconds .

========================================================================
Received Prepare
Registering precompiled user dll's ...
Registered in 0.006546 seconds.
Begin MonoManager ReloadAssembly
Native extension for OSXStandalone target not found
Refreshing native plugins compatible for Editor in 0.65 ms, found 2 plugins.
Preloading 0 native plugins for Editor in 0.00 ms.
Mono: successfully reloaded assembly
- Completed reload, in  1.403 seconds
Domain Reload Profiling:
	ReloadAssembly (1404ms)
		BeginReloadAssembly (176ms)
			ExecutionOrderSort (0ms)
			DisableScriptedObjects (7ms)
			BackupInstance (0ms)
			ReleaseScriptingObjects (0ms)
			CreateAndSetChildDomain (90ms)
		EndReloadAssembly (1144ms)
			LoadAssemblies (112ms)
			RebuildTransferFunctionScriptingTraits (0ms)
			SetupTypeCache (384ms)
			ReleaseScriptCaches (1ms)
			RebuildScriptCaches (66ms)
			SetupLoadedEditorAssemblies (451ms)
				LogAssemblyErrors (0ms)
				InitializePlatformSupportModulesInManaged (5ms)
				SetLoadedEditorAssemblies (0ms)
				RefreshPlugins (1ms)
				BeforeProcessingInitializeOnLoad (129ms)
				ProcessInitializeOnLoadAttributes (272ms)
				ProcessInitializeOnLoadMethodAttributes (42ms)
				AfterProcessingInitializeOnLoad (1ms)
				EditorAssembliesLoaded (0ms)
			ExecutionOrderSort2 (0ms)
			AwakeInstancesAfterBackupRestoration (9ms)
Platform modules already initialized, skipping
Refreshing native plugins compatible for Editor in 0.74 ms, found 2 plugins.
Preloading 0 native plugins for Editor in 0.00 ms.
Unloading 1983 Unused Serialized files (Serialized files now loaded: 0)
System memory in use before: 185.3 MB.
System memory in use after: 185.4 MB.

Unloading 48 unused Assets to reduce memory usage. Loaded Objects now: 2437.
Total: 5.912975 ms (FindLiveObjects: 0.162809 ms CreateObjectMapping: 0.108908 ms MarkObjects: 5.603509 ms  DeleteObjects: 0.035836 ms)

AssetImportParameters requested are different than current active one (requested -> active):
  custom:video-decoder-ogg-theora: a1e56fd34408186e4bbccfd4996cb3dc -> 
  custom:container-muxer-webm: aa71ff27fc2769a1b78a27578f13a17b -> 
  custom:container-demuxer-webm: 4f35f7cbe854078d1ac9338744f61a02 -> 
  custom:container-demuxer-ogg: 62fdf1f143b41e24485cea50d1cbac27 -> 
  custom:video-encoder-webm-vp8: eb34c28f22e8b96e1ab97ce403110664 -> 
  custom:framework-osx-AVFoundation: e770b220cccbd017edd2c1fefb359320 -> 
  custom:video-decoder-webm-vp8: 9c59270c3fd7afecdb556c50c9e8de78 -> 
  custom:audio-decoder-ogg-vorbis: bf7c407c2cedff20999df2af8eb42d56 -> 
  custom:audio-encoder-webm-vorbis: bf7c407c2cedff20999df2af8eb42d56 -> 
========================================================================
Received Prepare
Registering precompiled user dll's ...
Registered in 0.004840 seconds.
Begin MonoManager ReloadAssembly
Native extension for OSXStandalone target not found
Refreshing native plugins compatible for Editor in 0.68 ms, found 2 plugins.
Preloading 0 native plugins for Editor in 0.00 ms.
Mono: successfully reloaded assembly
- Completed reload, in  1.299 seconds
Domain Reload Profiling:
	ReloadAssembly (1299ms)
		BeginReloadAssembly (147ms)
			ExecutionOrderSort (0ms)
			DisableScriptedObjects (7ms)
			BackupInstance (0ms)
			ReleaseScriptingObjects (0ms)
			CreateAndSetChildDomain (68ms)
		EndReloadAssembly (1076ms)
			LoadAssemblies (109ms)
			RebuildTransferFunctionScriptingTraits (0ms)
			SetupTypeCache (351ms)
			ReleaseScriptCaches (1ms)
			RebuildScriptCaches (63ms)
			SetupLoadedEditorAssemblies (433ms)
				LogAssemblyErrors (0ms)
				InitializePlatformSupportModulesInManaged (5ms)
				SetLoadedEditorAssemblies (1ms)
				RefreshPlugins (1ms)
				BeforeProcessingInitializeOnLoad (129ms)
				ProcessInitializeOnLoadAttributes (258ms)
				ProcessInitializeOnLoadMethodAttributes (37ms)
				AfterProcessingInitializeOnLoad (2ms)
				EditorAssembliesLoaded (0ms)
			ExecutionOrderSort2 (0ms)
			AwakeInstancesAfterBackupRestoration (8ms)
Platform modules already initialized, skipping
Refreshing native plugins compatible for Editor in 0.70 ms, found 2 plugins.
Preloading 0 native plugins for Editor in 0.00 ms.
Unloading 1983 Unused Serialized files (Serialized files now loaded: 0)
System memory in use before: 185.4 MB.
System memory in use after: 185.6 MB.

Unloading 47 unused Assets to reduce memory usage. Loaded Objects now: 2439.
Total: 5.704796 ms (FindLiveObjects: 0.161190 ms CreateObjectMapping: 0.055453 ms MarkObjects: 5.460353 ms  DeleteObjects: 0.026724 ms)

AssetImportParameters requested are different than current active one (requested -> active):
  custom:video-decoder-ogg-theora: a1e56fd34408186e4bbccfd4996cb3dc -> 
  custom:container-muxer-webm: aa71ff27fc2769a1b78a27578f13a17b -> 
  custom:container-demuxer-webm: 4f35f7cbe854078d1ac9338744f61a02 -> 
  custom:container-demuxer-ogg: 62fdf1f143b41e24485cea50d1cbac27 -> 
  custom:video-encoder-webm-vp8: eb34c28f22e8b96e1ab97ce403110664 -> 
  custom:framework-osx-AVFoundation: e770b220cccbd017edd2c1fefb359320 -> 
  custom:video-decoder-webm-vp8: 9c59270c3fd7afecdb556c50c9e8de78 -> 
  custom:audio-decoder-ogg-vorbis: bf7c407c2cedff20999df2af8eb42d56 -> 
  custom:audio-encoder-webm-vorbis: bf7c407c2cedff20999df2af8eb42d56 -> 
========================================================================
Received Import Request.
  Time since last request: 6369.438659 seconds.
  path: Assets/PlatformerRails/Scripts/Runtime/FriendSea.PlatformerRails.asmdef
  artifactKey: Guid(ed27f2bb73e6445fbbdc52c01f88a150) Importer(815301076,1909f56bfc062723c751e8b465ee728b)
Start importing Assets/PlatformerRails/Scripts/Runtime/FriendSea.PlatformerRails.asmdef using Guid(ed27f2bb73e6445fbbdc52c01f88a150) Importer(815301076,1909f56bfc062723c751e8b465ee728b)  -> (artifact id: '42b207a51481134d625bd6e3063af5a4') in 3.495429 seconds 
  Import took 3.536606 seconds .

========================================================================
Received Prepare
Registering precompiled user dll's ...
Registered in 0.034056 seconds.
Begin MonoManager ReloadAssembly
Native extension for OSXStandalone target not found
Refreshing native plugins compatible for Editor in 1.10 ms, found 2 plugins.
Preloading 0 native plugins for Editor in 0.00 ms.
Mono: successfully reloaded assembly
- Completed reload, in  3.712 seconds
Domain Reload Profiling:
	ReloadAssembly (3714ms)
		BeginReloadAssembly (421ms)
			ExecutionOrderSort (0ms)
			DisableScriptedObjects (25ms)
			BackupInstance (0ms)
			ReleaseScriptingObjects (0ms)
			CreateAndSetChildDomain (223ms)
		EndReloadAssembly (3130ms)
			LoadAssemblies (335ms)
			RebuildTransferFunctionScriptingTraits (0ms)
			SetupTypeCache (1024ms)
			ReleaseScriptCaches (8ms)
			RebuildScriptCaches (193ms)
			SetupLoadedEditorAssemblies (1192ms)
				LogAssemblyErrors (0ms)
				InitializePlatformSupportModulesInManaged (15ms)
				SetLoadedEditorAssemblies (1ms)
				RefreshPlugins (1ms)
				BeforeProcessingInitializeOnLoad (332ms)
				ProcessInitializeOnLoadAttributes (729ms)
				ProcessInitializeOnLoadMethodAttributes (110ms)
				AfterProcessingInitializeOnLoad (4ms)
				EditorAssembliesLoaded (0ms)
			ExecutionOrderSort2 (0ms)
			AwakeInstancesAfterBackupRestoration (21ms)
Platform modules already initialized, skipping
Refreshing native plugins compatible for Editor in 1.17 ms, found 2 plugins.
Preloading 0 native plugins for Editor in 0.00 ms.
Unloading 1983 Unused Serialized files (Serialized files now loaded: 0)
System memory in use before: 190.0 MB.
System memory in use after: 190.1 MB.

Unloading 47 unused Assets to reduce memory usage. Loaded Objects now: 2441.
Total: 10.178524 ms (FindLiveObjects: 0.498616 ms CreateObjectMapping: 0.162556 ms MarkObjects: 9.451148 ms  DeleteObjects: 0.063540 ms)

AssetImportParameters requested are different than current active one (requested -> active):
  custom:video-decoder-ogg-theora: a1e56fd34408186e4bbccfd4996cb3dc -> 
  custom:container-muxer-webm: aa71ff27fc2769a1b78a27578f13a17b -> 
  custom:container-demuxer-webm: 4f35f7cbe854078d1ac9338744f61a02 -> 
  custom:container-demuxer-ogg: 62fdf1f143b41e24485cea50d1cbac27 -> 
  custom:video-encoder-webm-vp8: eb34c28f22e8b96e1ab97ce403110664 -> 
  custom:framework-osx-AVFoundation: e770b220cccbd017edd2c1fefb359320 -> 
  custom:video-decoder-webm-vp8: 9c59270c3fd7afecdb556c50c9e8de78 -> 
  custom:audio-decoder-ogg-vorbis: bf7c407c2cedff20999df2af8eb42d56 -> 
  custom:audio-encoder-webm-vorbis: bf7c407c2cedff20999df2af8eb42d56 -> 
========================================================================
Received Import Request.
  Time since last request: 49.980568 seconds.
  path: Assets/PlatformerRails/Scripts/Editor/FriendSea.PlatformerRails.Editor.asmdef
  artifactKey: Guid(41af23f1c5c764c9987e9b704b6580b5) Importer(815301076,1909f56bfc062723c751e8b465ee728b)
Start importing Assets/PlatformerRails/Scripts/Editor/FriendSea.PlatformerRails.Editor.asmdef using Guid(41af23f1c5c764c9987e9b704b6580b5) Importer(815301076,1909f56bfc062723c751e8b465ee728b)  -> (artifact id: '81c3489c2a47159ea86997eee9fd58f5') in 0.014734 seconds 
  Import took 0.021912 seconds .

========================================================================
Received Import Request.
  Time since last request: 27.451008 seconds.
  path: Assets/PlatformerRails/Scripts/Editor/FriendSea.PlatformerRails.Editor.asmdef
  artifactKey: Guid(41af23f1c5c764c9987e9b704b6580b5) Importer(815301076,1909f56bfc062723c751e8b465ee728b)
Start importing Assets/PlatformerRails/Scripts/Editor/FriendSea.PlatformerRails.Editor.asmdef using Guid(41af23f1c5c764c9987e9b704b6580b5) Importer(815301076,1909f56bfc062723c751e8b465ee728b)  -> (artifact id: '37bcb17de2fbc02541af6ceaec7a1ffb') in 0.008999 seconds 
  Import took 0.015327 seconds .

========================================================================
Received Prepare
Registering precompiled user dll's ...
Registered in 0.005179 seconds.
Begin MonoManager ReloadAssembly
Native extension for OSXStandalone target not found
Refreshing native plugins compatible for Editor in 0.65 ms, found 2 plugins.
Preloading 0 native plugins for Editor in 0.00 ms.
Mono: successfully reloaded assembly
- Completed reload, in  1.776 seconds
Domain Reload Profiling:
	ReloadAssembly (1776ms)
		BeginReloadAssembly (199ms)
			ExecutionOrderSort (0ms)
			DisableScriptedObjects (9ms)
			BackupInstance (0ms)
			ReleaseScriptingObjects (0ms)
			CreateAndSetChildDomain (87ms)
		EndReloadAssembly (1479ms)
			LoadAssemblies (190ms)
			RebuildTransferFunctionScriptingTraits (0ms)
			SetupTypeCache (517ms)
			ReleaseScriptCaches (1ms)
			RebuildScriptCaches (86ms)
			SetupLoadedEditorAssemblies (532ms)
				LogAssemblyErrors (0ms)
				InitializePlatformSupportModulesInManaged (7ms)
				SetLoadedEditorAssemblies (1ms)
				RefreshPlugins (1ms)
				BeforeProcessingInitializeOnLoad (177ms)
				ProcessInitializeOnLoadAttributes (302ms)
				ProcessInitializeOnLoadMethodAttributes (42ms)
				AfterProcessingInitializeOnLoad (2ms)
				EditorAssembliesLoaded (0ms)
			ExecutionOrderSort2 (0ms)
			AwakeInstancesAfterBackupRestoration (9ms)
Platform modules already initialized, skipping
Refreshing native plugins compatible for Editor in 0.73 ms, found 2 plugins.
Preloading 0 native plugins for Editor in 0.00 ms.
Unloading 1983 Unused Serialized files (Serialized files now loaded: 0)
System memory in use before: 190.2 MB.
System memory in use after: 190.3 MB.

Unloading 47 unused Assets to reduce memory usage. Loaded Objects now: 2443.
Total: 6.958966 ms (FindLiveObjects: 0.182045 ms CreateObjectMapping: 0.061917 ms MarkObjects: 6.676861 ms  DeleteObjects: 0.036664 ms)

AssetImportParameters requested are different than current active one (requested -> active):
  custom:video-decoder-ogg-theora: a1e56fd34408186e4bbccfd4996cb3dc -> 
  custom:container-muxer-webm: aa71ff27fc2769a1b78a27578f13a17b -> 
  custom:container-demuxer-webm: 4f35f7cbe854078d1ac9338744f61a02 -> 
  custom:container-demuxer-ogg: 62fdf1f143b41e24485cea50d1cbac27 -> 
  custom:video-encoder-webm-vp8: eb34c28f22e8b96e1ab97ce403110664 -> 
  custom:framework-osx-AVFoundation: e770b220cccbd017edd2c1fefb359320 -> 
  custom:video-decoder-webm-vp8: 9c59270c3fd7afecdb556c50c9e8de78 -> 
  custom:audio-decoder-ogg-vorbis: bf7c407c2cedff20999df2af8eb42d56 -> 
  custom:audio-encoder-webm-vorbis: bf7c407c2cedff20999df2af8eb42d56 -> 
========================================================================
Received Prepare
Registering precompiled user dll's ...
Registered in 0.006141 seconds.
Begin MonoManager ReloadAssembly
Native extension for OSXStandalone target not found
Refreshing native plugins compatible for Editor in 0.64 ms, found 2 plugins.
Preloading 0 native plugins for Editor in 0.00 ms.
Mono: successfully reloaded assembly
- Completed reload, in  1.688 seconds
Domain Reload Profiling:
	ReloadAssembly (1691ms)
		BeginReloadAssembly (267ms)
			ExecutionOrderSort (0ms)
			DisableScriptedObjects (16ms)
			BackupInstance (0ms)
			ReleaseScriptingObjects (0ms)
			CreateAndSetChildDomain (145ms)
		EndReloadAssembly (1342ms)
			LoadAssemblies (133ms)
			RebuildTransferFunctionScriptingTraits (0ms)
			SetupTypeCache (451ms)
			ReleaseScriptCaches (2ms)
			RebuildScriptCaches (89ms)
			SetupLoadedEditorAssemblies (518ms)
				LogAssemblyErrors (0ms)
				InitializePlatformSupportModulesInManaged (5ms)
				SetLoadedEditorAssemblies (1ms)
				RefreshPlugins (1ms)
				BeforeProcessingInitializeOnLoad (141ms)
				ProcessInitializeOnLoadAttributes (323ms)
				ProcessInitializeOnLoadMethodAttributes (45ms)
				AfterProcessingInitializeOnLoad (2ms)
				EditorAssembliesLoaded (0ms)
			ExecutionOrderSort2 (0ms)
			AwakeInstancesAfterBackupRestoration (11ms)
Platform modules already initialized, skipping
Refreshing native plugins compatible for Editor in 1.01 ms, found 2 plugins.
Preloading 0 native plugins for Editor in 0.00 ms.
Unloading 1983 Unused Serialized files (Serialized files now loaded: 0)
System memory in use before: 190.4 MB.
System memory in use after: 190.5 MB.

Unloading 47 unused Assets to reduce memory usage. Loaded Objects now: 2445.
Total: 6.456509 ms (FindLiveObjects: 0.270757 ms CreateObjectMapping: 0.067251 ms MarkObjects: 6.075160 ms  DeleteObjects: 0.041715 ms)

AssetImportParameters requested are different than current active one (requested -> active):
  custom:video-decoder-ogg-theora: a1e56fd34408186e4bbccfd4996cb3dc -> 
  custom:container-muxer-webm: aa71ff27fc2769a1b78a27578f13a17b -> 
  custom:container-demuxer-webm: 4f35f7cbe854078d1ac9338744f61a02 -> 
  custom:container-demuxer-ogg: 62fdf1f143b41e24485cea50d1cbac27 -> 
  custom:video-encoder-webm-vp8: eb34c28f22e8b96e1ab97ce403110664 -> 
  custom:framework-osx-AVFoundation: e770b220cccbd017edd2c1fefb359320 -> 
  custom:video-decoder-webm-vp8: 9c59270c3fd7afecdb556c50c9e8de78 -> 
  custom:audio-decoder-ogg-vorbis: bf7c407c2cedff20999df2af8eb42d56 -> 
  custom:audio-encoder-webm-vorbis: bf7c407c2cedff20999df2af8eb42d56 -> 
========================================================================
Received Prepare
Registering precompiled user dll's ...
Registered in 0.010307 seconds.
Begin MonoManager ReloadAssembly
Native extension for OSXStandalone target not found
Refreshing native plugins compatible for Editor in 0.94 ms, found 2 plugins.
Preloading 0 native plugins for Editor in 0.00 ms.
Mono: successfully reloaded assembly
- Completed reload, in  1.613 seconds
Domain Reload Profiling:
	ReloadAssembly (1613ms)
		BeginReloadAssembly (234ms)
			ExecutionOrderSort (0ms)
			DisableScriptedObjects (7ms)
			BackupInstance (0ms)
			ReleaseScriptingObjects (0ms)
			CreateAndSetChildDomain (90ms)
		EndReloadAssembly (1285ms)
			LoadAssemblies (236ms)
			RebuildTransferFunctionScriptingTraits (0ms)
			SetupTypeCache (438ms)
			ReleaseScriptCaches (1ms)
			RebuildScriptCaches (73ms)
			SetupLoadedEditorAssemblies (459ms)
				LogAssemblyErrors (0ms)
				InitializePlatformSupportModulesInManaged (5ms)
				SetLoadedEditorAssemblies (1ms)
				RefreshPlugins (1ms)
				BeforeProcessingInitializeOnLoad (134ms)
				ProcessInitializeOnLoadAttributes (279ms)
				ProcessInitializeOnLoadMethodAttributes (38ms)
				AfterProcessingInitializeOnLoad (1ms)
				EditorAssembliesLoaded (0ms)
			ExecutionOrderSort2 (0ms)
			AwakeInstancesAfterBackupRestoration (9ms)
Platform modules already initialized, skipping
Refreshing native plugins compatible for Editor in 1.08 ms, found 2 plugins.
Preloading 0 native plugins for Editor in 0.00 ms.
Unloading 1983 Unused Serialized files (Serialized files now loaded: 0)
System memory in use before: 190.6 MB.
System memory in use after: 190.8 MB.

Unloading 47 unused Assets to reduce memory usage. Loaded Objects now: 2447.
Total: 6.202778 ms (FindLiveObjects: 0.196827 ms CreateObjectMapping: 0.048349 ms MarkObjects: 5.921877 ms  DeleteObjects: 0.034336 ms)

AssetImportParameters requested are different than current active one (requested -> active):
  custom:video-decoder-ogg-theora: a1e56fd34408186e4bbccfd4996cb3dc -> 
  custom:container-muxer-webm: aa71ff27fc2769a1b78a27578f13a17b -> 
  custom:container-demuxer-webm: 4f35f7cbe854078d1ac9338744f61a02 -> 
  custom:container-demuxer-ogg: 62fdf1f143b41e24485cea50d1cbac27 -> 
  custom:video-encoder-webm-vp8: eb34c28f22e8b96e1ab97ce403110664 -> 
  custom:framework-osx-AVFoundation: e770b220cccbd017edd2c1fefb359320 -> 
  custom:video-decoder-webm-vp8: 9c59270c3fd7afecdb556c50c9e8de78 -> 
  custom:audio-decoder-ogg-vorbis: bf7c407c2cedff20999df2af8eb42d56 -> 
  custom:audio-encoder-webm-vorbis: bf7c407c2cedff20999df2af8eb42d56 -> 
